[20.10.2020 01:48:39.396] [Dump]: 
Dump has called from
file:e:\users\dmitry\documents\visual studio 2017\projects\stack\stack\tester.cpp
function:void __cdecl test_pushData(void)
line: 102
Stack[0x115FAF8] (variable name: stack) {
   elementSize  [0x115FAF8] = 4
   size         [0x115FAFC] = 19
   capacity     [0x115FB00] = 26
   data         [0x115FB04] = 0x1310450
   {
        *data[0] = 0x226700
        *data[1] = 0xB37A00
        *data[2] = 0x886100
        *data[3] = 0x212700
        *data[4] = 0xFBB00
        *data[5] = 0xA81000
        *data[6] = 0x642C00
        *data[7] = 0x995100
        *data[8] = 0xAA5700
        *data[9] = 0x9A700
        *data[10] = 0xD2700
        *data[11] = 0xC21300
        *data[12] = 0x155400
        *data[13] = 0xE6800
        *data[14] = 0x8C6200
        *data[15] = 0xFE2000
        *data[16] = 0x6B2800
        *data[17] = 0xC1B00
        *data[18] = 0xDF7400
         data[19] = 0x0000
         data[20] = 0xCDCDCDCD
         data[21] = 0xCDCDCDCD
         data[22] = 0xCDCDCDCD
         data[23] = 0xCDCDCDCD
         data[24] = 0xCDCDCDCD
         data[25] = 0xCDCDCDCD
   }
}
[20.10.2020 01:48:39.401] [Dump]: 
Dump has called from
file:e:\users\dmitry\documents\visual studio 2017\projects\stack\stack\tester.cpp
function:void __cdecl test_pushData(void)
line: 102
Stack[0x115FAF8] (variable name: stack) {
   elementSize  [0x115FAF8] = 4
   size         [0x115FAFC] = 18
   capacity     [0x115FB00] = 26
   data         [0x115FB04] = 0x1310450
   {
        *data[0] = 0x226700
        *data[1] = 0xB37A00
        *data[2] = 0x886100
        *data[3] = 0x212700
        *data[4] = 0xFBB00
        *data[5] = 0xA81000
        *data[6] = 0x642C00
        *data[7] = 0x995100
        *data[8] = 0xAA5700
        *data[9] = 0x9A700
        *data[10] = 0xD2700
        *data[11] = 0xC21300
        *data[12] = 0x155400
        *data[13] = 0xE6800
        *data[14] = 0x8C6200
        *data[15] = 0xFE2000
        *data[16] = 0x6B2800
        *data[17] = 0xC1B00
         data[18] = 0x0000
         data[19] = 0x0000
         data[20] = 0xCDCDCDCD
         data[21] = 0xCDCDCDCD
         data[22] = 0xCDCDCDCD
         data[23] = 0xCDCDCDCD
         data[24] = 0xCDCDCDCD
         data[25] = 0xCDCDCDCD
   }
}
[20.10.2020 01:48:39.408] [Dump]: 
Dump has called from
file:e:\users\dmitry\documents\visual studio 2017\projects\stack\stack\tester.cpp
function:void __cdecl test_pushData(void)
line: 102
Stack[0x115FAF8] (variable name: stack) {
   elementSize  [0x115FAF8] = 4
   size         [0x115FAFC] = 17
   capacity     [0x115FB00] = 26
   data         [0x115FB04] = 0x1310450
   {
        *data[0] = 0x226700
        *data[1] = 0xB37A00
        *data[2] = 0x886100
        *data[3] = 0x212700
        *data[4] = 0xFBB00
        *data[5] = 0xA81000
        *data[6] = 0x642C00
        *data[7] = 0x995100
        *data[8] = 0xAA5700
        *data[9] = 0x9A700
        *data[10] = 0xD2700
        *data[11] = 0xC21300
        *data[12] = 0x155400
        *data[13] = 0xE6800
        *data[14] = 0x8C6200
        *data[15] = 0xFE2000
        *data[16] = 0x6B2800
         data[17] = 0x0000
         data[18] = 0x0000
         data[19] = 0x0000
         data[20] = 0xCDCDCDCD
         data[21] = 0xCDCDCDCD
         data[22] = 0xCDCDCDCD
         data[23] = 0xCDCDCDCD
         data[24] = 0xCDCDCDCD
         data[25] = 0xCDCDCDCD
   }
}
[20.10.2020 01:48:39.419] [Dump]: 
Dump has called from
file:e:\users\dmitry\documents\visual studio 2017\projects\stack\stack\tester.cpp
function:void __cdecl test_pushData(void)
line: 102
Stack[0x115FAF8] (variable name: stack) {
   elementSize  [0x115FAF8] = 4
   size         [0x115FAFC] = 16
   capacity     [0x115FB00] = 26
   data         [0x115FB04] = 0x1310450
   {
        *data[0] = 0x226700
        *data[1] = 0xB37A00
        *data[2] = 0x886100
        *data[3] = 0x212700
        *data[4] = 0xFBB00
        *data[5] = 0xA81000
        *data[6] = 0x642C00
        *data[7] = 0x995100
        *data[8] = 0xAA5700
        *data[9] = 0x9A700
        *data[10] = 0xD2700
        *data[11] = 0xC21300
        *data[12] = 0x155400
        *data[13] = 0xE6800
        *data[14] = 0x8C6200
        *data[15] = 0xFE2000
         data[16] = 0x0000
         data[17] = 0x0000
         data[18] = 0x0000
         data[19] = 0x0000
         data[20] = 0xCDCDCDCD
         data[21] = 0xCDCDCDCD
         data[22] = 0xCDCDCDCD
         data[23] = 0xCDCDCDCD
         data[24] = 0xCDCDCDCD
         data[25] = 0xCDCDCDCD
   }
}
[20.10.2020 01:48:39.427] [Dump]: 
Dump has called from
file:e:\users\dmitry\documents\visual studio 2017\projects\stack\stack\tester.cpp
function:void __cdecl test_pushData(void)
line: 102
Stack[0x115FAF8] (variable name: stack) {
   elementSize  [0x115FAF8] = 4
   size         [0x115FAFC] = 15
   capacity     [0x115FB00] = 26
   data         [0x115FB04] = 0x1310450
   {
        *data[0] = 0x226700
        *data[1] = 0xB37A00
        *data[2] = 0x886100
        *data[3] = 0x212700
        *data[4] = 0xFBB00
        *data[5] = 0xA81000
        *data[6] = 0x642C00
        *data[7] = 0x995100
        *data[8] = 0xAA5700
        *data[9] = 0x9A700
        *data[10] = 0xD2700
        *data[11] = 0xC21300
        *data[12] = 0x155400
        *data[13] = 0xE6800
        *data[14] = 0x8C6200
         data[15] = 0x0000
         data[16] = 0x0000
         data[17] = 0x0000
         data[18] = 0x0000
         data[19] = 0x0000
         data[20] = 0xCDCDCDCD
         data[21] = 0xCDCDCDCD
         data[22] = 0xCDCDCDCD
         data[23] = 0xCDCDCDCD
         data[24] = 0xCDCDCDCD
         data[25] = 0xCDCDCDCD
   }
}
[20.10.2020 01:48:39.433] [Dump]: 
Dump has called from
file:e:\users\dmitry\documents\visual studio 2017\projects\stack\stack\tester.cpp
function:void __cdecl test_pushData(void)
line: 102
Stack[0x115FAF8] (variable name: stack) {
   elementSize  [0x115FAF8] = 4
   size         [0x115FAFC] = 14
   capacity     [0x115FB00] = 26
   data         [0x115FB04] = 0x1310450
   {
        *data[0] = 0x226700
        *data[1] = 0xB37A00
        *data[2] = 0x886100
        *data[3] = 0x212700
        *data[4] = 0xFBB00
        *data[5] = 0xA81000
        *data[6] = 0x642C00
        *data[7] = 0x995100
        *data[8] = 0xAA5700
        *data[9] = 0x9A700
        *data[10] = 0xD2700
        *data[11] = 0xC21300
        *data[12] = 0x155400
        *data[13] = 0xE6800
         data[14] = 0x0000
         data[15] = 0x0000
         data[16] = 0x0000
         data[17] = 0x0000
         data[18] = 0x0000
         data[19] = 0x0000
         data[20] = 0xCDCDCDCD
         data[21] = 0xCDCDCDCD
         data[22] = 0xCDCDCDCD
         data[23] = 0xCDCDCDCD
         data[24] = 0xCDCDCDCD
         data[25] = 0xCDCDCDCD
   }
}
[20.10.2020 01:48:39.443] [Dump]: 
Dump has called from
file:e:\users\dmitry\documents\visual studio 2017\projects\stack\stack\tester.cpp
function:void __cdecl test_pushData(void)
line: 102
Stack[0x115FAF8] (variable name: stack) {
   elementSize  [0x115FAF8] = 4
   size         [0x115FAFC] = 13
   capacity     [0x115FB00] = 26
   data         [0x115FB04] = 0x1310450
   {
        *data[0] = 0x226700
        *data[1] = 0xB37A00
        *data[2] = 0x886100
        *data[3] = 0x212700
        *data[4] = 0xFBB00
        *data[5] = 0xA81000
        *data[6] = 0x642C00
        *data[7] = 0x995100
        *data[8] = 0xAA5700
        *data[9] = 0x9A700
        *data[10] = 0xD2700
        *data[11] = 0xC21300
        *data[12] = 0x155400
         data[13] = 0x0000
         data[14] = 0x0000
         data[15] = 0x0000
         data[16] = 0x0000
         data[17] = 0x0000
         data[18] = 0x0000
         data[19] = 0x0000
         data[20] = 0xCDCDCDCD
         data[21] = 0xCDCDCDCD
         data[22] = 0xCDCDCDCD
         data[23] = 0xCDCDCDCD
         data[24] = 0xCDCDCDCD
         data[25] = 0xCDCDCDCD
   }
}
[20.10.2020 01:48:39.449] [Dump]: 
Dump has called from
file:e:\users\dmitry\documents\visual studio 2017\projects\stack\stack\tester.cpp
function:void __cdecl test_pushData(void)
line: 102
Stack[0x115FAF8] (variable name: stack) {
   elementSize  [0x115FAF8] = 4
   size         [0x115FAFC] = 12
   capacity     [0x115FB00] = 26
   data         [0x115FB04] = 0x1310450
   {
        *data[0] = 0x226700
        *data[1] = 0xB37A00
        *data[2] = 0x886100
        *data[3] = 0x212700
        *data[4] = 0xFBB00
        *data[5] = 0xA81000
        *data[6] = 0x642C00
        *data[7] = 0x995100
        *data[8] = 0xAA5700
        *data[9] = 0x9A700
        *data[10] = 0xD2700
        *data[11] = 0xC21300
         data[12] = 0x0000
         data[13] = 0x0000
         data[14] = 0x0000
         data[15] = 0x0000
         data[16] = 0x0000
         data[17] = 0x0000
         data[18] = 0x0000
         data[19] = 0x0000
         data[20] = 0xCDCDCDCD
         data[21] = 0xCDCDCDCD
         data[22] = 0xCDCDCDCD
         data[23] = 0xCDCDCDCD
         data[24] = 0xCDCDCDCD
         data[25] = 0xCDCDCDCD
   }
}
[20.10.2020 01:48:39.453] [Dump]: 
Dump has called from
file:e:\users\dmitry\documents\visual studio 2017\projects\stack\stack\tester.cpp
function:void __cdecl test_pushData(void)
line: 102
Stack[0x115FAF8] (variable name: stack) {
   elementSize  [0x115FAF8] = 4
   size         [0x115FAFC] = 11
   capacity     [0x115FB00] = 26
   data         [0x115FB04] = 0x1310450
   {
        *data[0] = 0x226700
        *data[1] = 0xB37A00
        *data[2] = 0x886100
        *data[3] = 0x212700
        *data[4] = 0xFBB00
        *data[5] = 0xA81000
        *data[6] = 0x642C00
        *data[7] = 0x995100
        *data[8] = 0xAA5700
        *data[9] = 0x9A700
        *data[10] = 0xD2700
         data[11] = 0x0000
         data[12] = 0x0000
         data[13] = 0x0000
         data[14] = 0x0000
         data[15] = 0x0000
         data[16] = 0x0000
         data[17] = 0x0000
         data[18] = 0x0000
         data[19] = 0x0000
         data[20] = 0xCDCDCDCD
         data[21] = 0xCDCDCDCD
         data[22] = 0xCDCDCDCD
         data[23] = 0xCDCDCDCD
         data[24] = 0xCDCDCDCD
         data[25] = 0xCDCDCDCD
   }
}
[20.10.2020 01:48:39.457] [Dump]: 
Dump has called from
file:e:\users\dmitry\documents\visual studio 2017\projects\stack\stack\tester.cpp
function:void __cdecl test_pushData(void)
line: 102
Stack[0x115FAF8] (variable name: stack) {
   elementSize  [0x115FAF8] = 4
   size         [0x115FAFC] = 10
   capacity     [0x115FB00] = 26
   data         [0x115FB04] = 0x1310450
   {
        *data[0] = 0x226700
        *data[1] = 0xB37A00
        *data[2] = 0x886100
        *data[3] = 0x212700
        *data[4] = 0xFBB00
        *data[5] = 0xA81000
        *data[6] = 0x642C00
        *data[7] = 0x995100
        *data[8] = 0xAA5700
        *data[9] = 0x9A700
         data[10] = 0x0000
         data[11] = 0x0000
         data[12] = 0x0000
         data[13] = 0x0000
         data[14] = 0x0000
         data[15] = 0x0000
         data[16] = 0x0000
         data[17] = 0x0000
         data[18] = 0x0000
         data[19] = 0x0000
         data[20] = 0xCDCDCDCD
         data[21] = 0xCDCDCDCD
         data[22] = 0xCDCDCDCD
         data[23] = 0xCDCDCDCD
         data[24] = 0xCDCDCDCD
         data[25] = 0xCDCDCDCD
   }
}
[20.10.2020 01:48:39.460] [Dump]: 
Dump has called from
file:e:\users\dmitry\documents\visual studio 2017\projects\stack\stack\tester.cpp
function:void __cdecl test_pushData(void)
line: 106
Stack[0x115FAF8] (variable name: stack) {
   elementSize  [0x115FAF8] = 4
   size         [0x115FAFC] = 10
   capacity     [0x115FB00] = 26
   data         [0x115FB04] = 0x1310450
   {
        *data[0] = 0x226700
        *data[1] = 0xB37A00
        *data[2] = 0x886100
        *data[3] = 0x212700
        *data[4] = 0xFBB00
        *data[5] = 0xA81000
        *data[6] = 0x642C00
        *data[7] = 0x995100
        *data[8] = 0xAA5700
        *data[9] = 0x9A700
         data[10] = 0x0000
         data[11] = 0x0000
         data[12] = 0x0000
         data[13] = 0x0000
         data[14] = 0x0000
         data[15] = 0x0000
         data[16] = 0x0000
         data[17] = 0x0000
         data[18] = 0x0000
         data[19] = 0x0000
         data[20] = 0xCDCDCDCD
         data[21] = 0xCDCDCDCD
         data[22] = 0xCDCDCDCD
         data[23] = 0xCDCDCDCD
         data[24] = 0xCDCDCDCD
         data[25] = 0xCDCDCDCD
   }
}
