[25.10.2020 23:41:43.320] [CPU error]: Invalid machine code of command.
CPU{
    Registers{
        eax:0x0
        ebx:0x0
        ecx:0x0
        edx:0x0
        esi:0x0
        edi:0x0
        ebp:0x0
        eip:0x7
        efl:0x0
        ecs:0x0
        eds:0x0
        ess:0x0
    }
    RAM:
    Segment offset |  0x00  0x01  0x02  0x03  0x04  0x05  0x06  0x07  0x08  0x09  0x0A  0x0B  0x0C  0x0D  0x0E  0x0F
    ----------------------------------------------------------------------------------------------------------------
    Segment:0x00000|  0x52  0x00  0x01  0x03  0x00  0x00  0x00  0x52  0x00  0x02  0x05  0x00  0x00  0x00  0x45  0x04
    Segment:0x00010|  0x28  0x00  0x00  0x00  0x52  0x00  0x04  0x00  0x00  0x00  0x00  0x72  0x00  0x05  0x01  0x62
    Segment:0x00020|  0x00  0x06  0x39  0x00  0x00  0x00  0x40  0x02  0x52  0x00  0x04  0x01  0x00  0x00  0x00  0x42
    Segment:0x00030|  0x01  0x04  0x01  0x42  0x01  0x04  0x02  0x80  0x04  0x40  0x00  0x00  0x00  0x00  0x00  0x00
    Segment:0x00040|  0x00  0x00  0x00  0x00  0x00  0x00  0x00  0x00  0x00  0x00  0x00  0x00  0x00  0x00  0x00  0x00
    Segment:0x00050|  0x00  0x00  0x00  0x00  0x00  0x00  0x00  0x00  0x00  0x00  0x00  0x00  0x00  0x00  0x00  0x00
    Segment:0x00060|  0x00  0x00  0x00  0x00  0x00  0x00  0x00  0x00  0x00  0x00  0x00  0x00  0x00  0x00  0x00  0x00
    Segment:0x00070|  0x00  0x00  0x00  0x00  0x00  0x00  0x00  0x00  0x00  0x00  0x00  0x00  0x00  0x00  0x00  0x00
}
[25.10.2020 23:41:43.324] [Dump]: 
Dump has called from
file:e:\users\dmitry\documents\visual studio 2017\projects\processor\processor\cpu.cpp
function:void __cdecl cpuRun(void)
line: 363
Stack[0xBA42BC] (variable name: CPU.stack) {
   elementSize  [0xBA42BC] = 1
   size         [0xBA42C0] = 58
   capacity     [0xBA42C4] = -1
   data         [0xBA42C8] = 0xDDAAB8
   {
        *data[0] = 0x52
        *data[1] = 0x0
        *data[2] = 0x1
        *data[3] = 0x3
        *data[4] = 0x0
        *data[5] = 0x0
        *data[6] = 0x0
        *data[7] = 0x52
        *data[8] = 0x0
        *data[9] = 0x2
        *data[10] = 0x5
        *data[11] = 0x0
        *data[12] = 0x0
        *data[13] = 0x0
        *data[14] = 0x45
        *data[15] = 0x4
        *data[16] = 0x28
        *data[17] = 0x0
        *data[18] = 0x0
        *data[19] = 0x0
        *data[20] = 0x52
        *data[21] = 0x0
        *data[22] = 0x4
        *data[23] = 0x0
        *data[24] = 0x0
        *data[25] = 0x0
        *data[26] = 0x0
        *data[27] = 0x72
        *data[28] = 0x0
        *data[29] = 0x5
        *data[30] = 0x1
        *data[31] = 0x62
        *data[32] = 0x0
        *data[33] = 0x6
        *data[34] = 0x39
        *data[35] = 0x0
        *data[36] = 0x0
        *data[37] = 0x0
        *data[38] = 0x40
        *data[39] = 0x2
        *data[40] = 0x52
        *data[41] = 0x0
        *data[42] = 0x4
        *data[43] = 0x1
        *data[44] = 0x0
        *data[45] = 0x0
        *data[46] = 0x0
        *data[47] = 0x42
        *data[48] = 0x1
        *data[49] = 0x4
        *data[50] = 0x1
        *data[51] = 0x42
        *data[52] = 0x1
        *data[53] = 0x4
        *data[54] = 0x2
        *data[55] = 0x80
        *data[56] = 0x4
        *data[57] = 0x40
   }
}
