Program successful complete! Damped CPU:
CPU{
    Registers{
        eax:0x78
        ebx:0x0
        ecx:0x1
        edx:0x0
        esi:0x0
        edi:0x0
        ebp:0x0
        eip:0x2C
        efl:0x40
        ecs:0x0
        eds:0x0
        ess:0x0
    }
    RAM:
    Segment offset |  0x00  0x01  0x02  0x03  0x04  0x05  0x06  0x07  0x08  0x09  0x0A  0x0B  0x0C  0x0D  0x0E  0x0F
    ----------------------------------------------------------------------------------------------------------------
    Segment:0x00000|  0x52  0x00  0x03  0x05  0x00  0x00  0x00  0x52  0x00  0x01  0x01  0x00  0x00  0x00  0x42  0x01
    Segment:0x00010|  0x01  0x03  0xD2  0x00  0x03  0x01  0x00  0x00  0x00  0x92  0x02  0x03  0x01  0x00  0x00  0x00
    Segment:0x00020|  0xC5  0x02  0x2C  0x00  0x00  0x00  0x05  0x02  0x0E  0x00  0x00  0x00  0x40  0x02  0x40  0x02
    Segment:0x00030|  0x00  0x00  0x00  0x00  0x00  0x00  0x00  0x00  0x00  0x00  0x00  0x00  0x00  0x00  0x00  0x00
    Segment:0x00040|  0x00  0x00  0x00  0x00  0x00  0x00  0x00  0x00  0x00  0x00  0x00  0x00  0x00  0x00  0x00  0x00
    Segment:0x00050|  0x00  0x00  0x00  0x00  0x00  0x00  0x00  0x00  0x00  0x00  0x00  0x00  0x00  0x00  0x00  0x00
    Segment:0x00060|  0x00  0x00  0x00  0x00  0x00  0x00  0x00  0x00  0x00  0x00  0x00  0x00  0x00  0x00  0x00  0x00
    Segment:0x00070|  0x00  0x00  0x00  0x00  0x00  0x00  0x00  0x00  0x00  0x00  0x00  0x00  0x00  0x00  0x00  0x00
}
[26.10.2020 17:42:47.407] [Dump]: 
Dump has called from
file:CPU.cpp
function:enum CPUerror __cdecl cpuRun(void)
line: 410
Stack[0x299490] (variable name: CPU.stack) {
   elementSize  [0x299490] = 1
   size         [0x299494] = 47
   capacity     [0x299498] = -1
   data         [0x29949C] = 0x864838
   {
        *data[0] = 0x52
        *data[1] = 0x0
        *data[2] = 0x3
        *data[3] = 0x5
        *data[4] = 0x0
        *data[5] = 0x0
        *data[6] = 0x0
        *data[7] = 0x52
        *data[8] = 0x0
        *data[9] = 0x1
        *data[10] = 0x1
        *data[11] = 0x0
        *data[12] = 0x0
        *data[13] = 0x0
        *data[14] = 0x42
        *data[15] = 0x1
        *data[16] = 0x1
        *data[17] = 0x3
        *data[18] = 0xD2
        *data[19] = 0x0
        *data[20] = 0x3
        *data[21] = 0x1
        *data[22] = 0x0
        *data[23] = 0x0
        *data[24] = 0x0
        *data[25] = 0x92
        *data[26] = 0x2
        *data[27] = 0x3
        *data[28] = 0x1
        *data[29] = 0x0
        *data[30] = 0x0
        *data[31] = 0x0
        *data[32] = 0xC5
        *data[33] = 0x2
        *data[34] = 0x2C
        *data[35] = 0x0
        *data[36] = 0x0
        *data[37] = 0x0
        *data[38] = 0x5
        *data[39] = 0x2
        *data[40] = 0xE
        *data[41] = 0x0
        *data[42] = 0x0
        *data[43] = 0x0
        *data[44] = 0x40
        *data[45] = 0x2
        *data[46] = 0x40
   }
}
